/home/zhoumiao/my/r6g/weixinSearch/weixin/weixin/spiders/weixinspider.py:7: ScrapyDeprecationWarning: Module `scrapy.contrib.spiders` is deprecated, use `scrapy.spiders` instead
  from scrapy.contrib.spiders import CrawlSpider,Rule
2016-05-24 15:23:00 [scrapy] INFO: Scrapy 1.0.5 started (bot: weixin)
2016-05-24 15:23:00 [scrapy] INFO: Optional features available: ssl, http11
2016-05-24 15:23:00 [scrapy] INFO: Overridden settings: {'NEWSPIDER_MODULE': 'weixin.spiders', 'SPIDER_MODULES': ['weixin.spiders'], 'BOT_NAME': 'weixin'}
2016-05-24 15:23:00 [scrapy] INFO: Enabled extensions: CloseSpider, TelnetConsole, LogStats, CoreStats, SpiderState
2016-05-24 15:23:00 [scrapy] INFO: Enabled downloader middlewares: HttpAuthMiddleware, DownloadTimeoutMiddleware, UserAgentMiddleware, RetryMiddleware, DefaultHeadersMiddleware, MetaRefreshMiddleware, HttpCompressionMiddleware, RedirectMiddleware, CookiesMiddleware, ChunkedTransferMiddleware, DownloaderStats
2016-05-24 15:23:00 [scrapy] INFO: Enabled spider middlewares: HttpErrorMiddleware, OffsiteMiddleware, RefererMiddleware, UrlLengthMiddleware, DepthMiddleware
2016-05-24 15:23:00 [py.warnings] WARNING: /usr/lib/python2.7/site-packages/scrapy/utils/deprecate.py:155: ScrapyDeprecationWarning: `scrapy.contrib.pipeline.images.ImagesPipeline` class is deprecated, use `scrapy.pipelines.images.ImagesPipeline` instead
  ScrapyDeprecationWarning)

2016-05-24 15:23:00 [scrapy] INFO: Enabled item pipelines: MongoDBPipeline
2016-05-24 15:23:00 [scrapy] INFO: Spider opened
2016-05-24 15:23:00 [scrapy] INFO: Crawled 0 pages (at 0 pages/min), scraped 0 items (at 0 items/min)
2016-05-24 15:23:00 [scrapy] DEBUG: Telnet console listening on 127.0.0.1:6023
2016-05-24 15:23:00 [scrapy] DEBUG: Crawled (200) <GET http://weixin.sogou.com/pcindex/pc/pc_0/1.html> (referer: None)
2016-05-24 15:23:00 [scrapy] DEBUG: Filtered offsite request to 'weixin.sogou.com': <GET http://weixin.sogou.com/pcindex/pc/pc_0/2.html>
2016-05-24 15:23:01 [scrapy] DEBUG: Filtered duplicate request: <GET http://mp.weixin.qq.com/profile?src=3&timestamp=1464073576&ver=1&signature=qlS8MxAXwMgZgo*N2ifiPJ3TxNU4u7yI3pfmGRooMHbH1cG*GTxvMq94P0g01b68UYzjj15TJpf9uCWZQWjOAw==> - no more duplicates will be shown (see DUPEFILTER_DEBUG to show all duplicates)
2016-05-24 15:23:01 [scrapy] DEBUG: Crawled (200) <GET http://mp.weixin.qq.com/profile?src=3&timestamp=1464073576&ver=1&signature=Qh5LfYUNPnXrCj6vDK0iRAmHPeNUhz74lEtIMeRHCU2YyHohMW3R70HLFqPRqJ2xzr5ZXrQsc-LuTrHRMpqMIA==> (referer: http://weixin.sogou.com/pcindex/pc/pc_0/1.html)
2016-05-24 15:23:01 [scrapy] DEBUG: Crawled (200) <GET http://mp.weixin.qq.com/profile?src=3&timestamp=1464073576&ver=1&signature=yP1t*DZflm8SG2qiqdLwSza3fufRftiGeXXyuKIh49TVI39ni7d6sXE387moRbTGoSNliSS*0BKVx0f5m2MJNA==> (referer: http://weixin.sogou.com/pcindex/pc/pc_0/1.html)
2016-05-24 15:23:01 [scrapy] DEBUG: Crawled (200) <GET http://mp.weixin.qq.com/profile?src=3&timestamp=1464073576&ver=1&signature=BZr1G2y3pAxxC6cuKt-LXCEQINHsKWX54qHAOzHxH2jD36KR2sMj2E6hvEW2bszRsBvJGS2ErIuAFyD4Fjsnvw==> (referer: http://weixin.sogou.com/pcindex/pc/pc_0/1.html)
2016-05-24 15:23:01 [scrapy] DEBUG: Crawled (200) <GET http://mp.weixin.qq.com/profile?src=3&timestamp=1464073576&ver=1&signature=z35Y2Hj5pM9YulRzUdOd0Cwhadj7hKvhOVeAZGgqXMdkK6BtTPdzos3vGf49YVmTLqSF6mOwlKEVvZF5dNyr5g==> (referer: http://weixin.sogou.com/pcindex/pc/pc_0/1.html)
2016-05-24 15:23:01 [scrapy] DEBUG: Crawled (200) <GET http://mp.weixin.qq.com/profile?src=3&timestamp=1464073576&ver=1&signature=A8Wbo1-B5aFR87AX1nrDQVkQQWw9mQOMMvTn6FKZkimC6kIl-OG3VNxd0kfzeE4-8Vzww7SU86Rx3ecQ3Cx-NQ==> (referer: http://weixin.sogou.com/pcindex/pc/pc_0/1.html)
2016-05-24 15:23:01 [scrapy] DEBUG: Crawled (200) <GET http://mp.weixin.qq.com/profile?src=3&timestamp=1464073576&ver=1&signature=U8l7IhXkXRxR7N7AQtaHmOtKcyZjFBNW*NMDLNJ6B6G8jfYiEKVfKPJFwQPMjH6cRwSh8kGuDas8mJKgvRQZfA==> (referer: http://weixin.sogou.com/pcindex/pc/pc_0/1.html)
2016-05-24 15:23:01 [scrapy] DEBUG: Crawled (200) <GET http://mp.weixin.qq.com/profile?src=3&timestamp=1464073576&ver=1&signature=0W8fcAbfY9GVt5tvzYgyjUsC1kerGtR2O-icnkTRYPdaY9*1YB-L4mipj*HbRZltjY2QaRLbP*lIhHNFSDrYDQ==> (referer: http://weixin.sogou.com/pcindex/pc/pc_0/1.html)
2016-05-24 15:23:01 [scrapy] DEBUG: Crawled (200) <GET http://mp.weixin.qq.com/profile?src=3&timestamp=1464073576&ver=1&signature=qlS8MxAXwMgZgo*N2ifiPJ3TxNU4u7yI3pfmGRooMHbH1cG*GTxvMq94P0g01b68UYzjj15TJpf9uCWZQWjOAw==> (referer: http://weixin.sogou.com/pcindex/pc/pc_0/1.html)
2016-05-24 15:23:01 [weixin] DEBUG: weixin_id:xd2299 exist,not update!
2016-05-24 15:23:01 [scrapy] DEBUG: Scraped from <200 http://mp.weixin.qq.com/profile?src=3&timestamp=1464073576&ver=1&signature=Qh5LfYUNPnXrCj6vDK0iRAmHPeNUhz74lEtIMeRHCU2YyHohMW3R70HLFqPRqJ2xzr5ZXrQsc-LuTrHRMpqMIA==>
{'author': u'\u7b11\u70b9\u7814\u7a76\u6240',
 'gongzhonghao_type': u'\u4e0d\u52a0V\uff0c\u8282\u76ee\u91cc\u90fd\u8bf4\u8fc7\u4e86\uff0c\u52a0V\u7684\u90fd\u662f\u5c71\u5be8\u3002\u4e0d\u4fe1\u4f60\u67e5\u770b\u4e0b\u6587\u7ae0\u7684\u9605\u8bfb\u6570\u5c31\u61c2\u4e86\u3002',
 'html': u'http://mp.weixin.qq.com/profile?src=3&timestamp=1464073576&ver=1&signature=Qh5LfYUNPnXrCj6vDK0iRAmHPeNUhz74lEtIMeRHCU2YyHohMW3R70HLFqPRqJ2xzr5ZXrQsc-LuTrHRMpqMIA==',
 'weixin_id': u'xd2299'}
2016-05-24 15:23:01 [scrapy] DEBUG: Crawled (200) <GET http://mp.weixin.qq.com/profile?src=3&timestamp=1464073576&ver=1&signature=6tbl2y2rgoRI8XK9UUqhJp97Y0D5JeW0N1kmkLZXvb-v5QSMIzh6RuO*-RXj01S2sHggbzgkh2iJ2vicWV36gg==> (referer: http://weixin.sogou.com/pcindex/pc/pc_0/1.html)
2016-05-24 15:23:01 [scrapy] DEBUG: Crawled (200) <GET http://mp.weixin.qq.com/profile?src=3&timestamp=1464073576&ver=1&signature=TkgTKWQJw44wsooyzq6GXaYDaX*YTG4M6dCrMZPGpn1y5vEmWZL1G4cwj0q2Yy3OhhD*qrun8tDfWIY27spUNA==> (referer: http://weixin.sogou.com/pcindex/pc/pc_0/1.html)
2016-05-24 15:23:01 [scrapy] DEBUG: Crawled (200) <GET http://mp.weixin.qq.com/profile?src=3&timestamp=1464073576&ver=1&signature=PxhdPaM3APRyEasXSrE1S20pHx8vrKBJq9CrjxF1qvfeb4hwNUslqw*BFTcHCBPxGQzf9FKoGT78C8wAYFsvvQ==> (referer: http://weixin.sogou.com/pcindex/pc/pc_0/1.html)
2016-05-24 15:23:01 [weixin] DEBUG: weixin_id:newsbro exist,not update!
2016-05-24 15:23:01 [scrapy] DEBUG: Scraped from <200 http://mp.weixin.qq.com/profile?src=3&timestamp=1464073576&ver=1&signature=yP1t*DZflm8SG2qiqdLwSza3fufRftiGeXXyuKIh49TVI39ni7d6sXE387moRbTGoSNliSS*0BKVx0f5m2MJNA==>
{'author': u'\u65b0\u95fb\u54e5',
 'gongzhonghao_type': u'\u8f7b\u5e7d\u9ed8\uff0c\u7231\u641e\u602a\u7684\u65b0\u95fb\u54e5\uff0c\u5e0c\u671b\u4f60\u4eec\u559c\u6b22\u6211\u63d0\u4f9b\u7684\u65b0\u95fb\u3002',
 'html': u'http://mp.weixin.qq.com/profile?src=3&timestamp=1464073576&ver=1&signature=yP1t*DZflm8SG2qiqdLwSza3fufRftiGeXXyuKIh49TVI39ni7d6sXE387moRbTGoSNliSS*0BKVx0f5m2MJNA==',
 'weixin_id': u'newsbro'}
2016-05-24 15:23:01 [weixin] DEBUG: weixin_id:jirougc exist,not update!
2016-05-24 15:23:01 [scrapy] DEBUG: Scraped from <200 http://mp.weixin.qq.com/profile?src=3&timestamp=1464073576&ver=1&signature=BZr1G2y3pAxxC6cuKt-LXCEQINHsKWX54qHAOzHxH2jD36KR2sMj2E6hvEW2bszRsBvJGS2ErIuAFyD4Fjsnvw==>
{'author': u'\u808c\u8089\u6784\u6210',
 'gongzhonghao_type': u'\u808c\u8089\u6784\u6210\u662f\u56fd\u5185\u6700\u4e13\u4e1a\u7684\u5065\u8eab\u516c\u5171\u53f7\u8d44\u8baf\u5e73\u53f0\uff0c\u6211\u4eec\u81f4\u529b\u4e8e\u4f20\u9012\u56fd\u9645\u4e0a\u6700\u5148\u8fdb\u548c\u524d\u6cbf\u7684\u5065\u8eab\u77e5\u8bc6\uff01\u6211\u4eec\u62e5\u6709\u6700\u5b8c\u5584\u7684\u5065\u8eab\u953b\u70bc\u8ba1\u5212\uff01\u4e0d\u8bba\u4f60\u589e\u808c\u51cf\u8102\u8fd8\u662f\u8981\u5851\u5f62\u7ef4\u62a4\u5065\u5eb7\uff0c\u808c\u8089\u6784\u6210\u90fd\u662f\u60a8\u6700\u4f73\u7684\u9009\u62e9\u5e73\u53f0\u3002',
 'html': u'http://mp.weixin.qq.com/profile?src=3&timestamp=1464073576&ver=1&signature=BZr1G2y3pAxxC6cuKt-LXCEQINHsKWX54qHAOzHxH2jD36KR2sMj2E6hvEW2bszRsBvJGS2ErIuAFyD4Fjsnvw==',
 'weixin_id': u'jirougc'}
2016-05-24 15:23:01 [weixin] DEBUG: weixin_id:duhaoshu exist,not update!
2016-05-24 15:23:01 [scrapy] DEBUG: Scraped from <200 http://mp.weixin.qq.com/profile?src=3&timestamp=1464073576&ver=1&signature=z35Y2Hj5pM9YulRzUdOd0Cwhadj7hKvhOVeAZGgqXMdkK6BtTPdzos3vGf49YVmTLqSF6mOwlKEVvZF5dNyr5g==>
{'author': u'\u5341\u70b9\u8bfb\u4e66',
 'gongzhonghao_type': u'\u6df1\u591c\u5341\u70b9\uff0c\u966a\u4f60\u8bfb\u4e66\uff0c\u7f8e\u597d\u7684\u751f\u6d3b\u65b9\u5f0f\u3002\u597d\u4e66/\u6545\u4e8b/\u7f8e\u6587/\u7535\u53f0/\u7f8e\u5b66\u3002',
 'html': u'http://mp.weixin.qq.com/profile?src=3&timestamp=1464073576&ver=1&signature=z35Y2Hj5pM9YulRzUdOd0Cwhadj7hKvhOVeAZGgqXMdkK6BtTPdzos3vGf49YVmTLqSF6mOwlKEVvZF5dNyr5g==',
 'weixin_id': u'duhaoshu'}
2016-05-24 15:23:01 [weixin] DEBUG: weixin_id:ipress exist,not update!
2016-05-24 15:23:01 [scrapy] DEBUG: Scraped from <200 http://mp.weixin.qq.com/profile?src=3&timestamp=1464073576&ver=1&signature=A8Wbo1-B5aFR87AX1nrDQVkQQWw9mQOMMvTn6FKZkimC6kIl-OG3VNxd0kfzeE4-8Vzww7SU86Rx3ecQ3Cx-NQ==>
{'author': u'\u5927\u5bb6',
 'gongzhonghao_type': u'\u7cbe\u9009\u5927\u5bb6\u6587\u7ae0\uff0c\u7545\u4eab\u9605\u8bfb\u65f6\u5149\u3002',
 'html': u'http://mp.weixin.qq.com/profile?src=3&timestamp=1464073576&ver=1&signature=A8Wbo1-B5aFR87AX1nrDQVkQQWw9mQOMMvTn6FKZkimC6kIl-OG3VNxd0kfzeE4-8Vzww7SU86Rx3ecQ3Cx-NQ==',
 'weixin_id': u'ipress'}
2016-05-24 15:23:01 [weixin] DEBUG: weixin_id:nrz200405 exist,not update!
2016-05-24 15:23:01 [scrapy] DEBUG: Scraped from <200 http://mp.weixin.qq.com/profile?src=3&timestamp=1464073576&ver=1&signature=U8l7IhXkXRxR7N7AQtaHmOtKcyZjFBNW*NMDLNJ6B6G8jfYiEKVfKPJFwQPMjH6cRwSh8kGuDas8mJKgvRQZfA==>
{'author': u'\u7537\u4eba\u88c5',
 'gongzhonghao_type': u'\u5168\u56fd\u53d1\u884c\u91cf\u6700\u5927\u7684\u7537\u6027\u65f6\u5c1a\u6742\u5fd7\uff1a\u771f\u5b9e\u3001\u8da3\u5473\u3001\u6027\u611f\u3001\u5b9e\u7528',
 'html': u'http://mp.weixin.qq.com/profile?src=3&timestamp=1464073576&ver=1&signature=U8l7IhXkXRxR7N7AQtaHmOtKcyZjFBNW*NMDLNJ6B6G8jfYiEKVfKPJFwQPMjH6cRwSh8kGuDas8mJKgvRQZfA==',
 'weixin_id': u'nrz200405'}
2016-05-24 15:23:01 [scrapy] DEBUG: Crawled (200) <GET http://mp.weixin.qq.com/profile?src=3&timestamp=1464073576&ver=1&signature=knNxEGeUFdLBvYMuOoHjRnQlXTKenTvSyde7Ei3PVfeJ7vfkITB8lhyKTiv7eDQqdtv8DJe6Sr1tS3C3HRHQ5w==> (referer: http://weixin.sogou.com/pcindex/pc/pc_0/1.html)
2016-05-24 15:23:01 [scrapy] DEBUG: Crawled (200) <GET http://mp.weixin.qq.com/profile?src=3&timestamp=1464073576&ver=1&signature=kEWFkXU3r*bd1tOOyPP8R6MkUONYBEWwcAdXOxZd1z6WBwmRE0BB9huTz0pVd11*1sd*QKV4UJKiJBhytKuB8A==> (referer: http://weixin.sogou.com/pcindex/pc/pc_0/1.html)
2016-05-24 15:23:01 [scrapy] DEBUG: Crawled (200) <GET http://mp.weixin.qq.com/profile?src=3&timestamp=1464073576&ver=1&signature=u5MigV8Ps*-IjPtpeH3Vy3YKKkmR6bytD*GNxGOhZNggfnEKUio0-3adWbMGD49vdCSofNovPqEDiAJLn3dUIg==> (referer: http://weixin.sogou.com/pcindex/pc/pc_0/1.html)
2016-05-24 15:23:01 [weixin] DEBUG: weixin_id:Vwoman88 exist,not update!
2016-05-24 15:23:01 [scrapy] DEBUG: Scraped from <200 http://mp.weixin.qq.com/profile?src=3&timestamp=1464073576&ver=1&signature=0W8fcAbfY9GVt5tvzYgyjUsC1kerGtR2O-icnkTRYPdaY9*1YB-L4mipj*HbRZltjY2QaRLbP*lIhHNFSDrYDQ==>
{'author': u'\u5fae\u5973\u4eba',
 'gongzhonghao_type': u'\u6700\u8d70\u5fc3\u7684\u5973\u4eba\u5fae\u751f\u6d3b\u5e73\u53f0\uff0c\u65f6\u5c1a\u3001\u60c5\u611f\u3001\u7626\u8eab\u3001\u53d1\u578b\u7b49\u7cbe\u5f69\u5185\u5bb9\uff0c\u5c3d\u81f3\u6b64\u5904\uff01',
 'html': u'http://mp.weixin.qq.com/profile?src=3&timestamp=1464073576&ver=1&signature=0W8fcAbfY9GVt5tvzYgyjUsC1kerGtR2O-icnkTRYPdaY9*1YB-L4mipj*HbRZltjY2QaRLbP*lIhHNFSDrYDQ==',
 'weixin_id': u'Vwoman88'}
2016-05-24 15:23:01 [scrapy] DEBUG: Crawled (200) <GET http://mp.weixin.qq.com/profile?src=3&timestamp=1464073576&ver=1&signature=yZfisXv2BCZ4cmiuOn94DAptB-VvmoMNRbZS*iff*ynPKs1uSKRWRLR0OGre3xq-Rw*MogXjfbVZTwaMIDXCsQ==> (referer: http://weixin.sogou.com/pcindex/pc/pc_0/1.html)
2016-05-24 15:23:01 [weixin] DEBUG: weixin_id:cctvyscj exist,not update!
2016-05-24 15:23:01 [scrapy] DEBUG: Scraped from <200 http://mp.weixin.qq.com/profile?src=3&timestamp=1464073576&ver=1&signature=qlS8MxAXwMgZgo*N2ifiPJ3TxNU4u7yI3pfmGRooMHbH1cG*GTxvMq94P0g01b68UYzjj15TJpf9uCWZQWjOAw==>
{'author': u'\u592e\u89c6\u8d22\u7ecf',
 'gongzhonghao_type': u'\xa0',
 'html': u'http://mp.weixin.qq.com/profile?src=3&timestamp=1464073576&ver=1&signature=qlS8MxAXwMgZgo*N2ifiPJ3TxNU4u7yI3pfmGRooMHbH1cG*GTxvMq94P0g01b68UYzjj15TJpf9uCWZQWjOAw==',
 'weixin_id': u'cctvyscj'}
2016-05-24 15:23:01 [scrapy] ERROR: Spider error processing <GET http://mp.weixin.qq.com/profile?src=3&timestamp=1464073576&ver=1&signature=6tbl2y2rgoRI8XK9UUqhJp97Y0D5JeW0N1kmkLZXvb-v5QSMIzh6RuO*-RXj01S2sHggbzgkh2iJ2vicWV36gg==> (referer: http://weixin.sogou.com/pcindex/pc/pc_0/1.html)
Traceback (most recent call last):
  File "/usr/lib/python2.7/site-packages/scrapy/utils/defer.py", line 102, in iter_errback
    yield next(it)
  File "/usr/lib/python2.7/site-packages/scrapy/spidermiddlewares/offsite.py", line 28, in process_spider_output
    for x in result:
  File "/usr/lib/python2.7/site-packages/scrapy/spidermiddlewares/referer.py", line 22, in <genexpr>
    return (_set_referer(r) for r in result or ())
  File "/usr/lib/python2.7/site-packages/scrapy/spidermiddlewares/urllength.py", line 37, in <genexpr>
    return (r for r in result or () if _filter(r))
  File "/usr/lib/python2.7/site-packages/scrapy/spidermiddlewares/depth.py", line 54, in <genexpr>
    return (r for r in result or () if _filter(r))
  File "/home/zhoumiao/my/r6g/weixinSearch/weixin/weixin/spiders/weixinspider.py", line 52, in parse_detail
    item['weixin_id'] = re.findall('\S+',response.xpath('//p[@class="profile_account"]/text()').extract()[0].split(':')[-1])[0]
IndexError: list index out of range
2016-05-24 15:23:01 [weixin] DEBUG: weixin_id:safe01 exist,not update!
2016-05-24 15:23:01 [scrapy] DEBUG: Scraped from <200 http://mp.weixin.qq.com/profile?src=3&timestamp=1464073576&ver=1&signature=TkgTKWQJw44wsooyzq6GXaYDaX*YTG4M6dCrMZPGpn1y5vEmWZL1G4cwj0q2Yy3OhhD*qrun8tDfWIY27spUNA==>
{'author': u'\u6559\u80b2\u767e\u5e08\u901a',
 'gongzhonghao_type': u'\u6559\u80b2\u767e\u5e08\u901a\u4e3a\u5e7f\u5927\u5bb6\u957f\u3001\u5b66\u751f\u3001\u8001\u5e08\u53ca\u793e\u4f1a\u5927\u4f17\u63d0\u4f9b\u6709\u5173\u5bb6\u5ead\u6559\u80b2\u3001\u5fc3\u7406\u6559\u80b2\u3001\u5b89\u5168\u6559\u80b2\u3001\u6cd5\u5236\u6559\u80b2\u3001\u6559\u80b2\u8d44\u8baf\u7b49\u76f8\u5173\u4fe1\u606f\uff0c\u7531\u4e2d\u56fd\u6559\u80b2\u5b66\u4f1a\u643a54\u4e2a\u5b66\u79d1\u4e13\u4e1a\u59d4\u5458\u4f1a\u53ca\u56fd\u5bb6\u7ea7\u6559\u80b2\u4e13\u5bb6\u63d0\u4f9b\u5b66\u672f\u652f\u6301\u53ca\u4e13\u4e1a\u670d\u52a1\u3002',
 'html': u'http://mp.weixin.qq.com/profile?src=3&timestamp=1464073576&ver=1&signature=TkgTKWQJw44wsooyzq6GXaYDaX*YTG4M6dCrMZPGpn1y5vEmWZL1G4cwj0q2Yy3OhhD*qrun8tDfWIY27spUNA==',
 'weixin_id': u'safe01'}
2016-05-24 15:23:01 [weixin] DEBUG: weixin_id:wuxiaobopd exist,not update!
2016-05-24 15:23:01 [scrapy] DEBUG: Scraped from <200 http://mp.weixin.qq.com/profile?src=3&timestamp=1464073576&ver=1&signature=PxhdPaM3APRyEasXSrE1S20pHx8vrKBJq9CrjxF1qvfeb4hwNUslqw*BFTcHCBPxGQzf9FKoGT78C8wAYFsvvQ==>
{'author': u'\u5434\u6653\u6ce2\u9891\u9053',
 'gongzhonghao_type': u'\u201c\u5434\u6653\u6ce2\u9891\u9053\u201d\u662f\u8d22\u7ecf\u4f5c\u5bb6\u5434\u6653\u6ce2\u5728\u5fae\u4fe1\u5e73\u53f0\u4e0a\u8fdb\u884c\u5185\u5bb9\u53d1\u5e03\u7684\u81ea\u5a92\u4f53\uff0c\u6db5\u76d6\u89c6\u9891\u3001\u4e13\u680f\u548c\u6d4b\u8bd5\u3002\u89c6\u9891\u90e8\u5206\u4e0e\u7231\u5947\u827a\u5408\u4f5c\uff0c\u6bcf\u5468\u56db\u63a8\u51fa\u3002',
 'html': u'http://mp.weixin.qq.com/profile?src=3&timestamp=1464073576&ver=1&signature=PxhdPaM3APRyEasXSrE1S20pHx8vrKBJq9CrjxF1qvfeb4hwNUslqw*BFTcHCBPxGQzf9FKoGT78C8wAYFsvvQ==',
 'weixin_id': u'wuxiaobopd'}
2016-05-24 15:23:01 [scrapy] DEBUG: Crawled (200) <GET http://mp.weixin.qq.com/profile?src=3&timestamp=1464073576&ver=1&signature=IPoknAN5aH4h5TWIB*w6fJQPkIYpyR-zFXS*3mzHLqJm4IiFH0aaWIVMP0cDl-jE6sCekpG2jogH91yA00h18Q==> (referer: http://weixin.sogou.com/pcindex/pc/pc_0/1.html)
2016-05-24 15:23:01 [weixin] DEBUG: weixin_id:vvxixi exist,not update!
2016-05-24 15:23:01 [scrapy] DEBUG: Scraped from <200 http://mp.weixin.qq.com/profile?src=3&timestamp=1464073576&ver=1&signature=knNxEGeUFdLBvYMuOoHjRnQlXTKenTvSyde7Ei3PVfeJ7vfkITB8lhyKTiv7eDQqdtv8DJe6Sr1tS3C3HRHQ5w==>
{'author': u'\u5168\u7403\u65f6\u5c1a',
 'gongzhonghao_type': u'\u5927\u5bb6\u597d\uff0c\u6211\u662fMadam\u3002\u6211\u4f1a\u5728\u6bcf\u592921:00\u5b9a\u65f6\u63a8\u9001\u6700\u65b0\u7684\u65f6\u5c1a\u8d44\u8baf\u3001\u7a7f\u642d\u65b9\u6cd5\u3001\u7f8e\u5986\u7f8e\u53d1\u6280\u5de7\uff0c\u8ba9\u4f60\u6bcf\u5929\u90fd\u66f4\u7f8e\u4e00\u70b9\u70b9\u54e6\uff01',
 'html': u'http://mp.weixin.qq.com/profile?src=3&timestamp=1464073576&ver=1&signature=knNxEGeUFdLBvYMuOoHjRnQlXTKenTvSyde7Ei3PVfeJ7vfkITB8lhyKTiv7eDQqdtv8DJe6Sr1tS3C3HRHQ5w==',
 'weixin_id': u'vvxixi'}
2016-05-24 15:23:01 [weixin] DEBUG: weixin_id:zyys_app exist,not update!
2016-05-24 15:23:01 [scrapy] DEBUG: Scraped from <200 http://mp.weixin.qq.com/profile?src=3&timestamp=1464073576&ver=1&signature=kEWFkXU3r*bd1tOOyPP8R6MkUONYBEWwcAdXOxZd1z6WBwmRE0BB9huTz0pVd11*1sd*QKV4UJKiJBhytKuB8A==>
{'author': u'\u4e2d\u533b\u517b\u751f',
 'gongzhonghao_type': u'\u4e2d\u533b\u517b\u751f\u6bcf\u5929\u63a8\u9001\u4e2d\u533b\u5065\u5eb7\u517b\u751f\u76f8\u5173\u7684\u4e2d\u836f\u3001\u7a74\u4f4d\u3001\u9488\u7078\u3001\u827e\u7078\u3001\u6309\u6469\u3001\u62d4\u7f50\u3001\u75be\u75c5\u9632\u6cbb\u3001\u4f53\u8d28\u7ba1\u7406\u3001\u98df\u7597\u8c03\u7406\u3001\u8425\u517b\u81b3\u98df\u7b49\uff01\u4e2d\u533b\u517b\u751f\u4e3a\u4e2d\u56fd\u7b2c\u4e00\u4e2d\u533b\u5065\u5eb7\u517b\u751f\u751f\u6d3b\u670d\u52a1\u5e73\u53f0\uff1b\u4e13\u6ce8\u4e8e\u5065\u5eb7\u9884\u9632\u7ba1\u7406\uff0c\u81f4\u529b\u4e8e\u63d0\u4f9b\u6700\u597d\u7684\u5065\u5eb7\u54a8\u8be2\u670d\u52a1\uff0c\u8ba9\u60a8\u7684\u751f\u6d3b\u66f4\u5065\u5eb7\u3001\u66f4\u8f7b\u677e\uff01',
 'html': u'http://mp.weixin.qq.com/profile?src=3&timestamp=1464073576&ver=1&signature=kEWFkXU3r*bd1tOOyPP8R6MkUONYBEWwcAdXOxZd1z6WBwmRE0BB9huTz0pVd11*1sd*QKV4UJKiJBhytKuB8A==',
 'weixin_id': u'zyys_app'}
2016-05-24 15:23:01 [weixin] DEBUG: weixin_id:helloshanghai2013 exist,not update!
2016-05-24 15:23:01 [scrapy] DEBUG: Scraped from <200 http://mp.weixin.qq.com/profile?src=3&timestamp=1464073576&ver=1&signature=u5MigV8Ps*-IjPtpeH3Vy3YKKkmR6bytD*GNxGOhZNggfnEKUio0-3adWbMGD49vdCSofNovPqEDiAJLn3dUIg==>
{'author': u'\u4fac\u597d\u4e0a\u6d77',
 'gongzhonghao_type': u'\u65b0\u6c11\u665a\u62a5\u5168\u5a92\u4f53\u4e2d\u5fc3\u51fa\u54c1\uff0c\u4e0a\u6d77\u5341\u5927\u516c\u4f17\u53f7\u7968\u9009\u51a0\u519b\u3002\u4f20\u64ad\u4e0a\u6d77\u6587\u5316\uff0c\u670d\u52a1\u4e0a\u6d77\u5e02\u6c11\u3002\u5927\u57ce\u5c0f\u4e8b\uff0c\u8bb0\u5f97\u7b2c\u4e00\u8fb0\u5149\u5173\u6ce8\u963f\u62c9\u54e6\uff01',
 'html': u'http://mp.weixin.qq.com/profile?src=3&timestamp=1464073576&ver=1&signature=u5MigV8Ps*-IjPtpeH3Vy3YKKkmR6bytD*GNxGOhZNggfnEKUio0-3adWbMGD49vdCSofNovPqEDiAJLn3dUIg==',
 'weixin_id': u'helloshanghai2013'}
2016-05-24 15:23:01 [weixin] DEBUG: weixin_id:woshitongdao exist,not update!
2016-05-24 15:23:01 [scrapy] DEBUG: Scraped from <200 http://mp.weixin.qq.com/profile?src=3&timestamp=1464073576&ver=1&signature=yZfisXv2BCZ4cmiuOn94DAptB-VvmoMNRbZS*iff*ynPKs1uSKRWRLR0OGre3xq-Rw*MogXjfbVZTwaMIDXCsQ==>
{'author': u'\u540c\u9053\u5927\u53d4',
 'gongzhonghao_type': u'\u661f\u5ea7\u5a31\u4e50\u4e13\u5bb6\uff0c\u5c11\u5973\u4e4b\u53cb@\u540c\u9053\u5927\u53d4\uff0c\u5185\u5bb9\u7eaf\u5c5e\u5a31\u4e50\u3002',
 'html': u'http://mp.weixin.qq.com/profile?src=3&timestamp=1464073576&ver=1&signature=yZfisXv2BCZ4cmiuOn94DAptB-VvmoMNRbZS*iff*ynPKs1uSKRWRLR0OGre3xq-Rw*MogXjfbVZTwaMIDXCsQ==',
 'weixin_id': u'woshitongdao'}
2016-05-24 15:23:01 [scrapy] DEBUG: Crawled (200) <GET http://mp.weixin.qq.com/profile?src=3&timestamp=1464073576&ver=1&signature=uPnY9nqJe4LIC2yuU2-INl5Xp9KtpdiPhU50Hh8tvY*ovjFlaHGE8l9QT4TgLDT*pUGGC8w*trM0OlLBU8qncg==> (referer: http://weixin.sogou.com/pcindex/pc/pc_0/1.html)
2016-05-24 15:23:01 [weixin] DEBUG: weixin_id:gzwcjs exist,not update!
2016-05-24 15:23:01 [scrapy] DEBUG: Scraped from <200 http://mp.weixin.qq.com/profile?src=3&timestamp=1464073576&ver=1&signature=IPoknAN5aH4h5TWIB*w6fJQPkIYpyR-zFXS*3mzHLqJm4IiFH0aaWIVMP0cDl-jE6sCekpG2jogH91yA00h18Q==>
{'author': u'\u73a9\u8f66\u6559\u6388',
 'gongzhonghao_type': u'\u5317\u4eac\u8f66\u5c55\u8fc7\u767e\u6b3e\u65b0\u8f66\uff0c\u4e3a\u4f60\u5168\u7a0b\u76f4\u64ad\u3002\u8d85\u8fc7500\u4e07\u8f66\u53cb\u5173\u6ce8\u7684\u4e13\u4e1a\u6c7d\u8f66\u65b0\u5a92\u4f53\uff0c\u4e13\u6ce8\u6c7d\u8f66\u5bfc\u8d2d\u6559\u4f60\u5982\u4f55\u4e70\u8f66\uff0c24\u5c0f\u65f6\u63d0\u4f9b\u5728\u7ebf\u8d2d\u8f66\u54a8\u8be2\u3002',
 'html': u'http://mp.weixin.qq.com/profile?src=3&timestamp=1464073576&ver=1&signature=IPoknAN5aH4h5TWIB*w6fJQPkIYpyR-zFXS*3mzHLqJm4IiFH0aaWIVMP0cDl-jE6sCekpG2jogH91yA00h18Q==',
 'weixin_id': u'gzwcjs'}
2016-05-24 15:23:01 [weixin] DEBUG: weixin_id:GQZHIZU exist,not update!
2016-05-24 15:23:01 [scrapy] DEBUG: Scraped from <200 http://mp.weixin.qq.com/profile?src=3&timestamp=1464073576&ver=1&signature=uPnY9nqJe4LIC2yuU2-INl5Xp9KtpdiPhU50Hh8tvY*ovjFlaHGE8l9QT4TgLDT*pUGGC8w*trM0OlLBU8qncg==>
{'author': u'GQ\u4e2d\u56fd',
 'gongzhonghao_type': u'\u6709\u578b\u6709\u6b3e\uff0c\u667a\u8da3\u4e0d\u51e1',
 'html': u'http://mp.weixin.qq.com/profile?src=3&timestamp=1464073576&ver=1&signature=uPnY9nqJe4LIC2yuU2-INl5Xp9KtpdiPhU50Hh8tvY*ovjFlaHGE8l9QT4TgLDT*pUGGC8w*trM0OlLBU8qncg==',
 'weixin_id': u'GQZHIZU'}
2016-05-24 15:23:01 [scrapy] INFO: Closing spider (finished)
2016-05-24 15:23:01 [scrapy] INFO: Dumping Scrapy stats:
{'downloader/request_bytes': 7206,
 'downloader/request_count': 18,
 'downloader/request_method_count/GET': 18,
 'downloader/response_bytes': 291105,
 'downloader/response_count': 18,
 'downloader/response_status_count/200': 18,
 'dupefilter/filtered': 3,
 'finish_reason': 'finished',
 'finish_time': datetime.datetime(2016, 5, 24, 7, 23, 1, 871029),
 'item_scraped_count': 16,
 'log_count/DEBUG': 53,
 'log_count/ERROR': 1,
 'log_count/INFO': 7,
 'log_count/WARNING': 1,
 'offsite/domains': 1,
 'offsite/filtered': 1,
 'request_depth_max': 1,
 'response_received_count': 18,
 'scheduler/dequeued': 18,
 'scheduler/dequeued/memory': 18,
 'scheduler/enqueued': 18,
 'scheduler/enqueued/memory': 18,
 'spider_exceptions/IndexError': 1,
 'start_time': datetime.datetime(2016, 5, 24, 7, 23, 0, 704642)}
2016-05-24 15:23:01 [scrapy] INFO: Spider closed (finished)
http://mp.weixin.qq.com/profile?src=3&timestamp=1464073576&ver=1&signature=0W8fcAbfY9GVt5tvzYgyjUsC1kerGtR2O-icnkTRYPdaY9*1YB-L4mipj*HbRZltjY2QaRLbP*lIhHNFSDrYDQ==
/home/zhoumiao/my/r6g/weixinSearch/weixin/weixin/spiders/weixinspider.py:7: ScrapyDeprecationWarning: Module `scrapy.contrib.spiders` is deprecated, use `scrapy.spiders` instead
  from scrapy.contrib.spiders import CrawlSpider,Rule
2016-05-24 15:24:00 [scrapy] INFO: Scrapy 1.0.5 started (bot: weixin)
2016-05-24 15:24:00 [scrapy] INFO: Optional features available: ssl, http11
2016-05-24 15:24:00 [scrapy] INFO: Overridden settings: {'NEWSPIDER_MODULE': 'weixin.spiders', 'SPIDER_MODULES': ['weixin.spiders'], 'BOT_NAME': 'weixin'}
2016-05-24 15:24:00 [scrapy] INFO: Enabled extensions: CloseSpider, TelnetConsole, LogStats, CoreStats, SpiderState
2016-05-24 15:24:00 [scrapy] INFO: Enabled downloader middlewares: HttpAuthMiddleware, DownloadTimeoutMiddleware, UserAgentMiddleware, RetryMiddleware, DefaultHeadersMiddleware, MetaRefreshMiddleware, HttpCompressionMiddleware, RedirectMiddleware, CookiesMiddleware, ChunkedTransferMiddleware, DownloaderStats
2016-05-24 15:24:00 [scrapy] INFO: Enabled spider middlewares: HttpErrorMiddleware, OffsiteMiddleware, RefererMiddleware, UrlLengthMiddleware, DepthMiddleware
2016-05-24 15:24:00 [py.warnings] WARNING: /usr/lib/python2.7/site-packages/scrapy/utils/deprecate.py:155: ScrapyDeprecationWarning: `scrapy.contrib.pipeline.images.ImagesPipeline` class is deprecated, use `scrapy.pipelines.images.ImagesPipeline` instead
  ScrapyDeprecationWarning)

2016-05-24 15:24:00 [scrapy] INFO: Enabled item pipelines: MongoDBPipeline
2016-05-24 15:24:00 [scrapy] INFO: Spider opened
2016-05-24 15:24:00 [scrapy] INFO: Crawled 0 pages (at 0 pages/min), scraped 0 items (at 0 items/min)
2016-05-24 15:24:00 [scrapy] DEBUG: Telnet console listening on 127.0.0.1:6023
2016-05-24 15:24:00 [scrapy] DEBUG: Crawled (200) <GET http://weixin.sogou.com/pcindex/pc/pc_0/1.html> (referer: None)
2016-05-24 15:24:00 [scrapy] DEBUG: Filtered offsite request to 'weixin.sogou.com': <GET http://weixin.sogou.com/pcindex/pc/pc_0/2.html>
2016-05-24 15:24:00 [scrapy] DEBUG: Filtered duplicate request: <GET http://mp.weixin.qq.com/profile?src=3&timestamp=1464073576&ver=1&signature=qlS8MxAXwMgZgo*N2ifiPJ3TxNU4u7yI3pfmGRooMHbH1cG*GTxvMq94P0g01b68UYzjj15TJpf9uCWZQWjOAw==> - no more duplicates will be shown (see DUPEFILTER_DEBUG to show all duplicates)
2016-05-24 15:24:01 [scrapy] DEBUG: Crawled (200) <GET http://mp.weixin.qq.com/profile?src=3&timestamp=1464073576&ver=1&signature=6tbl2y2rgoRI8XK9UUqhJp97Y0D5JeW0N1kmkLZXvb-v5QSMIzh6RuO*-RXj01S2sHggbzgkh2iJ2vicWV36gg==> (referer: http://weixin.sogou.com/pcindex/pc/pc_0/1.html)
2016-05-24 15:24:01 [scrapy] DEBUG: Crawled (200) <GET http://mp.weixin.qq.com/profile?src=3&timestamp=1464073576&ver=1&signature=knNxEGeUFdLBvYMuOoHjRnQlXTKenTvSyde7Ei3PVfeJ7vfkITB8lhyKTiv7eDQqdtv8DJe6Sr1tS3C3HRHQ5w==> (referer: http://weixin.sogou.com/pcindex/pc/pc_0/1.html)
2016-05-24 15:24:01 [scrapy] DEBUG: Crawled (200) <GET http://mp.weixin.qq.com/profile?src=3&timestamp=1464073576&ver=1&signature=yZfisXv2BCZ4cmiuOn94DAptB-VvmoMNRbZS*iff*ynPKs1uSKRWRLR0OGre3xq-Rw*MogXjfbVZTwaMIDXCsQ==> (referer: http://weixin.sogou.com/pcindex/pc/pc_0/1.html)
2016-05-24 15:24:01 [scrapy] DEBUG: Crawled (200) <GET http://mp.weixin.qq.com/profile?src=3&timestamp=1464073576&ver=1&signature=TkgTKWQJw44wsooyzq6GXaYDaX*YTG4M6dCrMZPGpn1y5vEmWZL1G4cwj0q2Yy3OhhD*qrun8tDfWIY27spUNA==> (referer: http://weixin.sogou.com/pcindex/pc/pc_0/1.html)
2016-05-24 15:24:01 [scrapy] DEBUG: Crawled (200) <GET http://mp.weixin.qq.com/profile?src=3&timestamp=1464073576&ver=1&signature=kEWFkXU3r*bd1tOOyPP8R6MkUONYBEWwcAdXOxZd1z6WBwmRE0BB9huTz0pVd11*1sd*QKV4UJKiJBhytKuB8A==> (referer: http://weixin.sogou.com/pcindex/pc/pc_0/1.html)
2016-05-24 15:24:01 [scrapy] DEBUG: Crawled (200) <GET http://mp.weixin.qq.com/profile?src=3&timestamp=1464073576&ver=1&signature=0W8fcAbfY9GVt5tvzYgyjUsC1kerGtR2O-icnkTRYPdaY9*1YB-L4mipj*HbRZltjY2QaRLbP*lIhHNFSDrYDQ==> (referer: http://weixin.sogou.com/pcindex/pc/pc_0/1.html)
2016-05-24 15:24:01 [scrapy] DEBUG: Crawled (200) <GET http://mp.weixin.qq.com/profile?src=3&timestamp=1464073576&ver=1&signature=PxhdPaM3APRyEasXSrE1S20pHx8vrKBJq9CrjxF1qvfeb4hwNUslqw*BFTcHCBPxGQzf9FKoGT78C8wAYFsvvQ==> (referer: http://weixin.sogou.com/pcindex/pc/pc_0/1.html)
2016-05-24 15:24:01 [scrapy] DEBUG: Crawled (200) <GET http://mp.weixin.qq.com/profile?src=3&timestamp=1464073576&ver=1&signature=u5MigV8Ps*-IjPtpeH3Vy3YKKkmR6bytD*GNxGOhZNggfnEKUio0-3adWbMGD49vdCSofNovPqEDiAJLn3dUIg==> (referer: http://weixin.sogou.com/pcindex/pc/pc_0/1.html)
2016-05-24 15:24:01 [scrapy] DEBUG: Crawled (200) <GET http://mp.weixin.qq.com/profile?src=3&timestamp=1464073576&ver=1&signature=BZr1G2y3pAxxC6cuKt-LXCEQINHsKWX54qHAOzHxH2jD36KR2sMj2E6hvEW2bszRsBvJGS2ErIuAFyD4Fjsnvw==> (referer: http://weixin.sogou.com/pcindex/pc/pc_0/1.html)
2016-05-24 15:24:01 [scrapy] ERROR: Spider error processing <GET http://mp.weixin.qq.com/profile?src=3&timestamp=1464073576&ver=1&signature=6tbl2y2rgoRI8XK9UUqhJp97Y0D5JeW0N1kmkLZXvb-v5QSMIzh6RuO*-RXj01S2sHggbzgkh2iJ2vicWV36gg==> (referer: http://weixin.sogou.com/pcindex/pc/pc_0/1.html)
Traceback (most recent call last):
  File "/usr/lib/python2.7/site-packages/scrapy/utils/defer.py", line 102, in iter_errback
    yield next(it)
  File "/usr/lib/python2.7/site-packages/scrapy/spidermiddlewares/offsite.py", line 28, in process_spider_output
    for x in result:
  File "/usr/lib/python2.7/site-packages/scrapy/spidermiddlewares/referer.py", line 22, in <genexpr>
    return (_set_referer(r) for r in result or ())
  File "/usr/lib/python2.7/site-packages/scrapy/spidermiddlewares/urllength.py", line 37, in <genexpr>
    return (r for r in result or () if _filter(r))
  File "/usr/lib/python2.7/site-packages/scrapy/spidermiddlewares/depth.py", line 54, in <genexpr>
    return (r for r in result or () if _filter(r))
  File "/home/zhoumiao/my/r6g/weixinSearch/weixin/weixin/spiders/weixinspider.py", line 52, in parse_detail
    item['weixin_id'] = re.findall('\S+',response.xpath('//p[@class="profile_account"]/text()').extract()[0].split(':')[-1])[0]
IndexError: list index out of range
2016-05-24 15:24:01 [scrapy] DEBUG: Crawled (200) <GET http://mp.weixin.qq.com/profile?src=3&timestamp=1464073576&ver=1&signature=IPoknAN5aH4h5TWIB*w6fJQPkIYpyR-zFXS*3mzHLqJm4IiFH0aaWIVMP0cDl-jE6sCekpG2jogH91yA00h18Q==> (referer: http://weixin.sogou.com/pcindex/pc/pc_0/1.html)
2016-05-24 15:24:01 [scrapy] DEBUG: Crawled (200) <GET http://mp.weixin.qq.com/profile?src=3&timestamp=1464073576&ver=1&signature=yP1t*DZflm8SG2qiqdLwSza3fufRftiGeXXyuKIh49TVI39ni7d6sXE387moRbTGoSNliSS*0BKVx0f5m2MJNA==> (referer: http://weixin.sogou.com/pcindex/pc/pc_0/1.html)
2016-05-24 15:24:01 [scrapy] DEBUG: Crawled (200) <GET http://mp.weixin.qq.com/profile?src=3&timestamp=1464073576&ver=1&signature=U8l7IhXkXRxR7N7AQtaHmOtKcyZjFBNW*NMDLNJ6B6G8jfYiEKVfKPJFwQPMjH6cRwSh8kGuDas8mJKgvRQZfA==> (referer: http://weixin.sogou.com/pcindex/pc/pc_0/1.html)
2016-05-24 15:24:01 [weixin] DEBUG: weixin_id:vvxixi exist,not update!
2016-05-24 15:24:01 [scrapy] DEBUG: Scraped from <200 http://mp.weixin.qq.com/profile?src=3&timestamp=1464073576&ver=1&signature=knNxEGeUFdLBvYMuOoHjRnQlXTKenTvSyde7Ei3PVfeJ7vfkITB8lhyKTiv7eDQqdtv8DJe6Sr1tS3C3HRHQ5w==>
{'author': u'\u5168\u7403\u65f6\u5c1a',
 'gongzhonghao_type': u'\u5927\u5bb6\u597d\uff0c\u6211\u662fMadam\u3002\u6211\u4f1a\u5728\u6bcf\u592921:00\u5b9a\u65f6\u63a8\u9001\u6700\u65b0\u7684\u65f6\u5c1a\u8d44\u8baf\u3001\u7a7f\u642d\u65b9\u6cd5\u3001\u7f8e\u5986\u7f8e\u53d1\u6280\u5de7\uff0c\u8ba9\u4f60\u6bcf\u5929\u90fd\u66f4\u7f8e\u4e00\u70b9\u70b9\u54e6\uff01',
 'html': u'http://mp.weixin.qq.com/profile?src=3&timestamp=1464073576&ver=1&signature=knNxEGeUFdLBvYMuOoHjRnQlXTKenTvSyde7Ei3PVfeJ7vfkITB8lhyKTiv7eDQqdtv8DJe6Sr1tS3C3HRHQ5w==',
 'weixin_id': u'vvxixi'}
2016-05-24 15:24:01 [weixin] DEBUG: weixin_id:woshitongdao exist,not update!
2016-05-24 15:24:01 [scrapy] DEBUG: Scraped from <200 http://mp.weixin.qq.com/profile?src=3&timestamp=1464073576&ver=1&signature=yZfisXv2BCZ4cmiuOn94DAptB-VvmoMNRbZS*iff*ynPKs1uSKRWRLR0OGre3xq-Rw*MogXjfbVZTwaMIDXCsQ==>
{'author': u'\u540c\u9053\u5927\u53d4',
 'gongzhonghao_type': u'\u661f\u5ea7\u5a31\u4e50\u4e13\u5bb6\uff0c\u5c11\u5973\u4e4b\u53cb@\u540c\u9053\u5927\u53d4\uff0c\u5185\u5bb9\u7eaf\u5c5e\u5a31\u4e50\u3002',
 'html': u'http://mp.weixin.qq.com/profile?src=3&timestamp=1464073576&ver=1&signature=yZfisXv2BCZ4cmiuOn94DAptB-VvmoMNRbZS*iff*ynPKs1uSKRWRLR0OGre3xq-Rw*MogXjfbVZTwaMIDXCsQ==',
 'weixin_id': u'woshitongdao'}
2016-05-24 15:24:01 [weixin] DEBUG: weixin_id:safe01 exist,not update!
2016-05-24 15:24:01 [scrapy] DEBUG: Scraped from <200 http://mp.weixin.qq.com/profile?src=3&timestamp=1464073576&ver=1&signature=TkgTKWQJw44wsooyzq6GXaYDaX*YTG4M6dCrMZPGpn1y5vEmWZL1G4cwj0q2Yy3OhhD*qrun8tDfWIY27spUNA==>
{'author': u'\u6559\u80b2\u767e\u5e08\u901a',
 'gongzhonghao_type': u'\u6559\u80b2\u767e\u5e08\u901a\u4e3a\u5e7f\u5927\u5bb6\u957f\u3001\u5b66\u751f\u3001\u8001\u5e08\u53ca\u793e\u4f1a\u5927\u4f17\u63d0\u4f9b\u6709\u5173\u5bb6\u5ead\u6559\u80b2\u3001\u5fc3\u7406\u6559\u80b2\u3001\u5b89\u5168\u6559\u80b2\u3001\u6cd5\u5236\u6559\u80b2\u3001\u6559\u80b2\u8d44\u8baf\u7b49\u76f8\u5173\u4fe1\u606f\uff0c\u7531\u4e2d\u56fd\u6559\u80b2\u5b66\u4f1a\u643a54\u4e2a\u5b66\u79d1\u4e13\u4e1a\u59d4\u5458\u4f1a\u53ca\u56fd\u5bb6\u7ea7\u6559\u80b2\u4e13\u5bb6\u63d0\u4f9b\u5b66\u672f\u652f\u6301\u53ca\u4e13\u4e1a\u670d\u52a1\u3002',
 'html': u'http://mp.weixin.qq.com/profile?src=3&timestamp=1464073576&ver=1&signature=TkgTKWQJw44wsooyzq6GXaYDaX*YTG4M6dCrMZPGpn1y5vEmWZL1G4cwj0q2Yy3OhhD*qrun8tDfWIY27spUNA==',
 'weixin_id': u'safe01'}
2016-05-24 15:24:01 [weixin] DEBUG: weixin_id:zyys_app exist,not update!
2016-05-24 15:24:01 [scrapy] DEBUG: Scraped from <200 http://mp.weixin.qq.com/profile?src=3&timestamp=1464073576&ver=1&signature=kEWFkXU3r*bd1tOOyPP8R6MkUONYBEWwcAdXOxZd1z6WBwmRE0BB9huTz0pVd11*1sd*QKV4UJKiJBhytKuB8A==>
{'author': u'\u4e2d\u533b\u517b\u751f',
 'gongzhonghao_type': u'\u4e2d\u533b\u517b\u751f\u6bcf\u5929\u63a8\u9001\u4e2d\u533b\u5065\u5eb7\u517b\u751f\u76f8\u5173\u7684\u4e2d\u836f\u3001\u7a74\u4f4d\u3001\u9488\u7078\u3001\u827e\u7078\u3001\u6309\u6469\u3001\u62d4\u7f50\u3001\u75be\u75c5\u9632\u6cbb\u3001\u4f53\u8d28\u7ba1\u7406\u3001\u98df\u7597\u8c03\u7406\u3001\u8425\u517b\u81b3\u98df\u7b49\uff01\u4e2d\u533b\u517b\u751f\u4e3a\u4e2d\u56fd\u7b2c\u4e00\u4e2d\u533b\u5065\u5eb7\u517b\u751f\u751f\u6d3b\u670d\u52a1\u5e73\u53f0\uff1b\u4e13\u6ce8\u4e8e\u5065\u5eb7\u9884\u9632\u7ba1\u7406\uff0c\u81f4\u529b\u4e8e\u63d0\u4f9b\u6700\u597d\u7684\u5065\u5eb7\u54a8\u8be2\u670d\u52a1\uff0c\u8ba9\u60a8\u7684\u751f\u6d3b\u66f4\u5065\u5eb7\u3001\u66f4\u8f7b\u677e\uff01',
 'html': u'http://mp.weixin.qq.com/profile?src=3&timestamp=1464073576&ver=1&signature=kEWFkXU3r*bd1tOOyPP8R6MkUONYBEWwcAdXOxZd1z6WBwmRE0BB9huTz0pVd11*1sd*QKV4UJKiJBhytKuB8A==',
 'weixin_id': u'zyys_app'}
2016-05-24 15:24:01 [weixin] DEBUG: weixin_id:Vwoman88 exist,not update!
2016-05-24 15:24:01 [scrapy] DEBUG: Scraped from <200 http://mp.weixin.qq.com/profile?src=3&timestamp=1464073576&ver=1&signature=0W8fcAbfY9GVt5tvzYgyjUsC1kerGtR2O-icnkTRYPdaY9*1YB-L4mipj*HbRZltjY2QaRLbP*lIhHNFSDrYDQ==>
{'author': u'\u5fae\u5973\u4eba',
 'gongzhonghao_type': u'\u6700\u8d70\u5fc3\u7684\u5973\u4eba\u5fae\u751f\u6d3b\u5e73\u53f0\uff0c\u65f6\u5c1a\u3001\u60c5\u611f\u3001\u7626\u8eab\u3001\u53d1\u578b\u7b49\u7cbe\u5f69\u5185\u5bb9\uff0c\u5c3d\u81f3\u6b64\u5904\uff01',
 'html': u'http://mp.weixin.qq.com/profile?src=3&timestamp=1464073576&ver=1&signature=0W8fcAbfY9GVt5tvzYgyjUsC1kerGtR2O-icnkTRYPdaY9*1YB-L4mipj*HbRZltjY2QaRLbP*lIhHNFSDrYDQ==',
 'weixin_id': u'Vwoman88'}
2016-05-24 15:24:01 [scrapy] DEBUG: Crawled (200) <GET http://mp.weixin.qq.com/profile?src=3&timestamp=1464073576&ver=1&signature=A8Wbo1-B5aFR87AX1nrDQVkQQWw9mQOMMvTn6FKZkimC6kIl-OG3VNxd0kfzeE4-8Vzww7SU86Rx3ecQ3Cx-NQ==> (referer: http://weixin.sogou.com/pcindex/pc/pc_0/1.html)
2016-05-24 15:24:01 [weixin] DEBUG: weixin_id:wuxiaobopd exist,not update!
2016-05-24 15:24:01 [scrapy] DEBUG: Scraped from <200 http://mp.weixin.qq.com/profile?src=3&timestamp=1464073576&ver=1&signature=PxhdPaM3APRyEasXSrE1S20pHx8vrKBJq9CrjxF1qvfeb4hwNUslqw*BFTcHCBPxGQzf9FKoGT78C8wAYFsvvQ==>
{'author': u'\u5434\u6653\u6ce2\u9891\u9053',
 'gongzhonghao_type': u'\u201c\u5434\u6653\u6ce2\u9891\u9053\u201d\u662f\u8d22\u7ecf\u4f5c\u5bb6\u5434\u6653\u6ce2\u5728\u5fae\u4fe1\u5e73\u53f0\u4e0a\u8fdb\u884c\u5185\u5bb9\u53d1\u5e03\u7684\u81ea\u5a92\u4f53\uff0c\u6db5\u76d6\u89c6\u9891\u3001\u4e13\u680f\u548c\u6d4b\u8bd5\u3002\u89c6\u9891\u90e8\u5206\u4e0e\u7231\u5947\u827a\u5408\u4f5c\uff0c\u6bcf\u5468\u56db\u63a8\u51fa\u3002',
 'html': u'http://mp.weixin.qq.com/profile?src=3&timestamp=1464073576&ver=1&signature=PxhdPaM3APRyEasXSrE1S20pHx8vrKBJq9CrjxF1qvfeb4hwNUslqw*BFTcHCBPxGQzf9FKoGT78C8wAYFsvvQ==',
 'weixin_id': u'wuxiaobopd'}
2016-05-24 15:24:01 [scrapy] DEBUG: Crawled (200) <GET http://mp.weixin.qq.com/profile?src=3&timestamp=1464073576&ver=1&signature=Qh5LfYUNPnXrCj6vDK0iRAmHPeNUhz74lEtIMeRHCU2YyHohMW3R70HLFqPRqJ2xzr5ZXrQsc-LuTrHRMpqMIA==> (referer: http://weixin.sogou.com/pcindex/pc/pc_0/1.html)
2016-05-24 15:24:01 [weixin] DEBUG: weixin_id:helloshanghai2013 exist,not update!
2016-05-24 15:24:01 [scrapy] DEBUG: Scraped from <200 http://mp.weixin.qq.com/profile?src=3&timestamp=1464073576&ver=1&signature=u5MigV8Ps*-IjPtpeH3Vy3YKKkmR6bytD*GNxGOhZNggfnEKUio0-3adWbMGD49vdCSofNovPqEDiAJLn3dUIg==>
{'author': u'\u4fac\u597d\u4e0a\u6d77',
 'gongzhonghao_type': u'\u65b0\u6c11\u665a\u62a5\u5168\u5a92\u4f53\u4e2d\u5fc3\u51fa\u54c1\uff0c\u4e0a\u6d77\u5341\u5927\u516c\u4f17\u53f7\u7968\u9009\u51a0\u519b\u3002\u4f20\u64ad\u4e0a\u6d77\u6587\u5316\uff0c\u670d\u52a1\u4e0a\u6d77\u5e02\u6c11\u3002\u5927\u57ce\u5c0f\u4e8b\uff0c\u8bb0\u5f97\u7b2c\u4e00\u8fb0\u5149\u5173\u6ce8\u963f\u62c9\u54e6\uff01',
 'html': u'http://mp.weixin.qq.com/profile?src=3&timestamp=1464073576&ver=1&signature=u5MigV8Ps*-IjPtpeH3Vy3YKKkmR6bytD*GNxGOhZNggfnEKUio0-3adWbMGD49vdCSofNovPqEDiAJLn3dUIg==',
 'weixin_id': u'helloshanghai2013'}
2016-05-24 15:24:01 [weixin] DEBUG: weixin_id:jirougc exist,not update!
2016-05-24 15:24:01 [scrapy] DEBUG: Scraped from <200 http://mp.weixin.qq.com/profile?src=3&timestamp=1464073576&ver=1&signature=BZr1G2y3pAxxC6cuKt-LXCEQINHsKWX54qHAOzHxH2jD36KR2sMj2E6hvEW2bszRsBvJGS2ErIuAFyD4Fjsnvw==>
{'author': u'\u808c\u8089\u6784\u6210',
 'gongzhonghao_type': u'\u808c\u8089\u6784\u6210\u662f\u56fd\u5185\u6700\u4e13\u4e1a\u7684\u5065\u8eab\u516c\u5171\u53f7\u8d44\u8baf\u5e73\u53f0\uff0c\u6211\u4eec\u81f4\u529b\u4e8e\u4f20\u9012\u56fd\u9645\u4e0a\u6700\u5148\u8fdb\u548c\u524d\u6cbf\u7684\u5065\u8eab\u77e5\u8bc6\uff01\u6211\u4eec\u62e5\u6709\u6700\u5b8c\u5584\u7684\u5065\u8eab\u953b\u70bc\u8ba1\u5212\uff01\u4e0d\u8bba\u4f60\u589e\u808c\u51cf\u8102\u8fd8\u662f\u8981\u5851\u5f62\u7ef4\u62a4\u5065\u5eb7\uff0c\u808c\u8089\u6784\u6210\u90fd\u662f\u60a8\u6700\u4f73\u7684\u9009\u62e9\u5e73\u53f0\u3002',
 'html': u'http://mp.weixin.qq.com/profile?src=3&timestamp=1464073576&ver=1&signature=BZr1G2y3pAxxC6cuKt-LXCEQINHsKWX54qHAOzHxH2jD36KR2sMj2E6hvEW2bszRsBvJGS2ErIuAFyD4Fjsnvw==',
 'weixin_id': u'jirougc'}
2016-05-24 15:24:01 [weixin] DEBUG: weixin_id:gzwcjs exist,not update!
2016-05-24 15:24:01 [scrapy] DEBUG: Scraped from <200 http://mp.weixin.qq.com/profile?src=3&timestamp=1464073576&ver=1&signature=IPoknAN5aH4h5TWIB*w6fJQPkIYpyR-zFXS*3mzHLqJm4IiFH0aaWIVMP0cDl-jE6sCekpG2jogH91yA00h18Q==>
{'author': u'\u73a9\u8f66\u6559\u6388',
 'gongzhonghao_type': u'\u5317\u4eac\u8f66\u5c55\u8fc7\u767e\u6b3e\u65b0\u8f66\uff0c\u4e3a\u4f60\u5168\u7a0b\u76f4\u64ad\u3002\u8d85\u8fc7500\u4e07\u8f66\u53cb\u5173\u6ce8\u7684\u4e13\u4e1a\u6c7d\u8f66\u65b0\u5a92\u4f53\uff0c\u4e13\u6ce8\u6c7d\u8f66\u5bfc\u8d2d\u6559\u4f60\u5982\u4f55\u4e70\u8f66\uff0c24\u5c0f\u65f6\u63d0\u4f9b\u5728\u7ebf\u8d2d\u8f66\u54a8\u8be2\u3002',
 'html': u'http://mp.weixin.qq.com/profile?src=3&timestamp=1464073576&ver=1&signature=IPoknAN5aH4h5TWIB*w6fJQPkIYpyR-zFXS*3mzHLqJm4IiFH0aaWIVMP0cDl-jE6sCekpG2jogH91yA00h18Q==',
 'weixin_id': u'gzwcjs'}
2016-05-24 15:24:01 [weixin] DEBUG: weixin_id:newsbro exist,not update!
2016-05-24 15:24:01 [scrapy] DEBUG: Scraped from <200 http://mp.weixin.qq.com/profile?src=3&timestamp=1464073576&ver=1&signature=yP1t*DZflm8SG2qiqdLwSza3fufRftiGeXXyuKIh49TVI39ni7d6sXE387moRbTGoSNliSS*0BKVx0f5m2MJNA==>
{'author': u'\u65b0\u95fb\u54e5',
 'gongzhonghao_type': u'\u8f7b\u5e7d\u9ed8\uff0c\u7231\u641e\u602a\u7684\u65b0\u95fb\u54e5\uff0c\u5e0c\u671b\u4f60\u4eec\u559c\u6b22\u6211\u63d0\u4f9b\u7684\u65b0\u95fb\u3002',
 'html': u'http://mp.weixin.qq.com/profile?src=3&timestamp=1464073576&ver=1&signature=yP1t*DZflm8SG2qiqdLwSza3fufRftiGeXXyuKIh49TVI39ni7d6sXE387moRbTGoSNliSS*0BKVx0f5m2MJNA==',
 'weixin_id': u'newsbro'}
2016-05-24 15:24:01 [weixin] DEBUG: weixin_id:nrz200405 exist,not update!
2016-05-24 15:24:01 [scrapy] DEBUG: Scraped from <200 http://mp.weixin.qq.com/profile?src=3&timestamp=1464073576&ver=1&signature=U8l7IhXkXRxR7N7AQtaHmOtKcyZjFBNW*NMDLNJ6B6G8jfYiEKVfKPJFwQPMjH6cRwSh8kGuDas8mJKgvRQZfA==>
{'author': u'\u7537\u4eba\u88c5',
 'gongzhonghao_type': u'\u5168\u56fd\u53d1\u884c\u91cf\u6700\u5927\u7684\u7537\u6027\u65f6\u5c1a\u6742\u5fd7\uff1a\u771f\u5b9e\u3001\u8da3\u5473\u3001\u6027\u611f\u3001\u5b9e\u7528',
 'html': u'http://mp.weixin.qq.com/profile?src=3&timestamp=1464073576&ver=1&signature=U8l7IhXkXRxR7N7AQtaHmOtKcyZjFBNW*NMDLNJ6B6G8jfYiEKVfKPJFwQPMjH6cRwSh8kGuDas8mJKgvRQZfA==',
 'weixin_id': u'nrz200405'}
2016-05-24 15:24:01 [scrapy] DEBUG: Crawled (200) <GET http://mp.weixin.qq.com/profile?src=3&timestamp=1464073576&ver=1&signature=z35Y2Hj5pM9YulRzUdOd0Cwhadj7hKvhOVeAZGgqXMdkK6BtTPdzos3vGf49YVmTLqSF6mOwlKEVvZF5dNyr5g==> (referer: http://weixin.sogou.com/pcindex/pc/pc_0/1.html)
2016-05-24 15:24:01 [weixin] DEBUG: weixin_id:ipress exist,not update!
2016-05-24 15:24:01 [scrapy] DEBUG: Scraped from <200 http://mp.weixin.qq.com/profile?src=3&timestamp=1464073576&ver=1&signature=A8Wbo1-B5aFR87AX1nrDQVkQQWw9mQOMMvTn6FKZkimC6kIl-OG3VNxd0kfzeE4-8Vzww7SU86Rx3ecQ3Cx-NQ==>
{'author': u'\u5927\u5bb6',
 'gongzhonghao_type': u'\u7cbe\u9009\u5927\u5bb6\u6587\u7ae0\uff0c\u7545\u4eab\u9605\u8bfb\u65f6\u5149\u3002',
 'html': u'http://mp.weixin.qq.com/profile?src=3&timestamp=1464073576&ver=1&signature=A8Wbo1-B5aFR87AX1nrDQVkQQWw9mQOMMvTn6FKZkimC6kIl-OG3VNxd0kfzeE4-8Vzww7SU86Rx3ecQ3Cx-NQ==',
 'weixin_id': u'ipress'}
2016-05-24 15:24:01 [weixin] DEBUG: weixin_id:xd2299 exist,not update!
2016-05-24 15:24:01 [scrapy] DEBUG: Scraped from <200 http://mp.weixin.qq.com/profile?src=3&timestamp=1464073576&ver=1&signature=Qh5LfYUNPnXrCj6vDK0iRAmHPeNUhz74lEtIMeRHCU2YyHohMW3R70HLFqPRqJ2xzr5ZXrQsc-LuTrHRMpqMIA==>
{'author': u'\u7b11\u70b9\u7814\u7a76\u6240',
 'gongzhonghao_type': u'\u4e0d\u52a0V\uff0c\u8282\u76ee\u91cc\u90fd\u8bf4\u8fc7\u4e86\uff0c\u52a0V\u7684\u90fd\u662f\u5c71\u5be8\u3002\u4e0d\u4fe1\u4f60\u67e5\u770b\u4e0b\u6587\u7ae0\u7684\u9605\u8bfb\u6570\u5c31\u61c2\u4e86\u3002',
 'html': u'http://mp.weixin.qq.com/profile?src=3&timestamp=1464073576&ver=1&signature=Qh5LfYUNPnXrCj6vDK0iRAmHPeNUhz74lEtIMeRHCU2YyHohMW3R70HLFqPRqJ2xzr5ZXrQsc-LuTrHRMpqMIA==',
 'weixin_id': u'xd2299'}
2016-05-24 15:24:01 [weixin] DEBUG: weixin_id:duhaoshu exist,not update!
2016-05-24 15:24:01 [scrapy] DEBUG: Scraped from <200 http://mp.weixin.qq.com/profile?src=3&timestamp=1464073576&ver=1&signature=z35Y2Hj5pM9YulRzUdOd0Cwhadj7hKvhOVeAZGgqXMdkK6BtTPdzos3vGf49YVmTLqSF6mOwlKEVvZF5dNyr5g==>
{'author': u'\u5341\u70b9\u8bfb\u4e66',
 'gongzhonghao_type': u'\u6df1\u591c\u5341\u70b9\uff0c\u966a\u4f60\u8bfb\u4e66\uff0c\u7f8e\u597d\u7684\u751f\u6d3b\u65b9\u5f0f\u3002\u597d\u4e66/\u6545\u4e8b/\u7f8e\u6587/\u7535\u53f0/\u7f8e\u5b66\u3002',
 'html': u'http://mp.weixin.qq.com/profile?src=3&timestamp=1464073576&ver=1&signature=z35Y2Hj5pM9YulRzUdOd0Cwhadj7hKvhOVeAZGgqXMdkK6BtTPdzos3vGf49YVmTLqSF6mOwlKEVvZF5dNyr5g==',
 'weixin_id': u'duhaoshu'}
2016-05-24 15:24:01 [scrapy] DEBUG: Crawled (200) <GET http://mp.weixin.qq.com/profile?src=3&timestamp=1464073576&ver=1&signature=qlS8MxAXwMgZgo*N2ifiPJ3TxNU4u7yI3pfmGRooMHbH1cG*GTxvMq94P0g01b68UYzjj15TJpf9uCWZQWjOAw==> (referer: http://weixin.sogou.com/pcindex/pc/pc_0/1.html)
2016-05-24 15:24:01 [weixin] DEBUG: weixin_id:cctvyscj exist,not update!
2016-05-24 15:24:01 [scrapy] DEBUG: Scraped from <200 http://mp.weixin.qq.com/profile?src=3&timestamp=1464073576&ver=1&signature=qlS8MxAXwMgZgo*N2ifiPJ3TxNU4u7yI3pfmGRooMHbH1cG*GTxvMq94P0g01b68UYzjj15TJpf9uCWZQWjOAw==>
{'author': u'\u592e\u89c6\u8d22\u7ecf',
 'gongzhonghao_type': u'\xa0',
 'html': u'http://mp.weixin.qq.com/profile?src=3&timestamp=1464073576&ver=1&signature=qlS8MxAXwMgZgo*N2ifiPJ3TxNU4u7yI3pfmGRooMHbH1cG*GTxvMq94P0g01b68UYzjj15TJpf9uCWZQWjOAw==',
 'weixin_id': u'cctvyscj'}
2016-05-24 15:24:02 [scrapy] DEBUG: Crawled (200) <GET http://mp.weixin.qq.com/profile?src=3&timestamp=1464073576&ver=1&signature=uPnY9nqJe4LIC2yuU2-INl5Xp9KtpdiPhU50Hh8tvY*ovjFlaHGE8l9QT4TgLDT*pUGGC8w*trM0OlLBU8qncg==> (referer: http://weixin.sogou.com/pcindex/pc/pc_0/1.html)
2016-05-24 15:24:02 [weixin] DEBUG: weixin_id:GQZHIZU exist,not update!
2016-05-24 15:24:02 [scrapy] DEBUG: Scraped from <200 http://mp.weixin.qq.com/profile?src=3&timestamp=1464073576&ver=1&signature=uPnY9nqJe4LIC2yuU2-INl5Xp9KtpdiPhU50Hh8tvY*ovjFlaHGE8l9QT4TgLDT*pUGGC8w*trM0OlLBU8qncg==>
{'author': u'GQ\u4e2d\u56fd',
 'gongzhonghao_type': u'\u6709\u578b\u6709\u6b3e\uff0c\u667a\u8da3\u4e0d\u51e1',
 'html': u'http://mp.weixin.qq.com/profile?src=3&timestamp=1464073576&ver=1&signature=uPnY9nqJe4LIC2yuU2-INl5Xp9KtpdiPhU50Hh8tvY*ovjFlaHGE8l9QT4TgLDT*pUGGC8w*trM0OlLBU8qncg==',
 'weixin_id': u'GQZHIZU'}
2016-05-24 15:24:02 [scrapy] INFO: Closing spider (finished)
2016-05-24 15:24:02 [scrapy] INFO: Dumping Scrapy stats:
{'downloader/request_bytes': 7206,
 'downloader/request_count': 18,
 'downloader/request_method_count/GET': 18,
 'downloader/response_bytes': 291069,
 'downloader/response_count': 18,
 'downloader/response_status_count/200': 18,
 'dupefilter/filtered': 3,
 'finish_reason': 'finished',
 'finish_time': datetime.datetime(2016, 5, 24, 7, 24, 2, 268149),
 'item_scraped_count': 16,
 'log_count/DEBUG': 53,
 'log_count/ERROR': 1,
 'log_count/INFO': 7,
 'log_count/WARNING': 1,
 'offsite/domains': 1,
 'offsite/filtered': 1,
 'request_depth_max': 1,
 'response_received_count': 18,
 'scheduler/dequeued': 18,
 'scheduler/dequeued/memory': 18,
 'scheduler/enqueued': 18,
 'scheduler/enqueued/memory': 18,
 'spider_exceptions/IndexError': 1,
 'start_time': datetime.datetime(2016, 5, 24, 7, 24, 0, 678278)}
2016-05-24 15:24:02 [scrapy] INFO: Spider closed (finished)
http://mp.weixin.qq.com/profile?src=3&timestamp=1464073576&ver=1&signature=0W8fcAbfY9GVt5tvzYgyjUsC1kerGtR2O-icnkTRYPdaY9*1YB-L4mipj*HbRZltjY2QaRLbP*lIhHNFSDrYDQ==
